Using pre-set license
Built from '2021.3/staging' branch; Version is '2021.3.16f1 (4016570cf34f) revision 4200023'; Using compiler version '192829333'; Build Type 'Release'
OS: 'Windows 10  (10.0.19044) 64bit Core' Language: 'en' Physical Memory: 14204 MB
BatchMode: 1, IsHumanControllingUs: 0, StartBugReporterOnCrash: 0, Is64bit: 1, IsPro: 1

COMMAND LINE ARGUMENTS:
C:\Program Files\Unity\Hub\Editor\2021.3.16f1\Editor\Unity.exe
-adb2
-batchMode
-noUpm
-name
AssetImportWorker2
-projectPath
C:/Users/Benjamin/Desktop/School/Year3Sem1/IWP/ProjectFile/IWP/IWP
-logFile
Logs/AssetImportWorker2.log
-srvPort
62982
Successfully changed project path to: C:/Users/Benjamin/Desktop/School/Year3Sem1/IWP/ProjectFile/IWP/IWP
C:/Users/Benjamin/Desktop/School/Year3Sem1/IWP/ProjectFile/IWP/IWP
[UnityMemory] Configuration Parameters - Can be set up in boot.config
    "memorysetup-bucket-allocator-granularity=16"
    "memorysetup-bucket-allocator-bucket-count=8"
    "memorysetup-bucket-allocator-block-size=33554432"
    "memorysetup-bucket-allocator-block-count=8"
    "memorysetup-main-allocator-block-size=16777216"
    "memorysetup-thread-allocator-block-size=16777216"
    "memorysetup-gfx-main-allocator-block-size=16777216"
    "memorysetup-gfx-thread-allocator-block-size=16777216"
    "memorysetup-cache-allocator-block-size=4194304"
    "memorysetup-typetree-allocator-block-size=2097152"
    "memorysetup-profiler-bucket-allocator-granularity=16"
    "memorysetup-profiler-bucket-allocator-bucket-count=8"
    "memorysetup-profiler-bucket-allocator-block-size=33554432"
    "memorysetup-profiler-bucket-allocator-block-count=8"
    "memorysetup-profiler-allocator-block-size=16777216"
    "memorysetup-profiler-editor-allocator-block-size=1048576"
    "memorysetup-temp-allocator-size-main=16777216"
    "memorysetup-job-temp-allocator-block-size=2097152"
    "memorysetup-job-temp-allocator-block-size-background=1048576"
    "memorysetup-job-temp-allocator-reduction-small-platforms=262144"
    "memorysetup-temp-allocator-size-background-worker=32768"
    "memorysetup-temp-allocator-size-job-worker=262144"
    "memorysetup-temp-allocator-size-preload-manager=33554432"
    "memorysetup-temp-allocator-size-nav-mesh-worker=65536"
    "memorysetup-temp-allocator-size-audio-worker=65536"
    "memorysetup-temp-allocator-size-cloud-worker=32768"
    "memorysetup-temp-allocator-size-gi-baking-worker=262144"
    "memorysetup-temp-allocator-size-gfx=262144"
Player connection [17384] Host "[IP] 192.168.86.32 [Port] 0 [Flags] 2 [Guid] 2389191157 [EditorId] 2389191157 [Version] 1048832 [Id] WindowsEditor(7,LAPTOP-GN828QNG) [Debug] 1 [PackageName] WindowsEditor [ProjectName] Editor" joined multi-casting on [225.0.0.222:54997]...

Player connection [17384] Host "[IP] 192.168.86.32 [Port] 0 [Flags] 2 [Guid] 2389191157 [EditorId] 2389191157 [Version] 1048832 [Id] WindowsEditor(7,LAPTOP-GN828QNG) [Debug] 1 [PackageName] WindowsEditor [ProjectName] Editor" joined alternative multi-casting on [225.0.0.222:34997]...

Refreshing native plugins compatible for Editor in 261.74 ms, found 3 plugins.
Preloading 0 native plugins for Editor in 0.00 ms.
Initialize engine version: 2021.3.16f1 (4016570cf34f)
[Subsystems] Discovering subsystems at path C:/Program Files/Unity/Hub/Editor/2021.3.16f1/Editor/Data/Resources/UnitySubsystems
[Subsystems] Discovering subsystems at path C:/Users/Benjamin/Desktop/School/Year3Sem1/IWP/ProjectFile/IWP/IWP/Assets
GfxDevice: creating device client; threaded=0; jobified=0
Direct3D:
    Version:  Direct3D 11.0 [level 11.1]
    Renderer: NVIDIA GeForce RTX 3060 Laptop GPU (ID=0x2560)
    Vendor:   NVIDIA
    VRAM:     6009 MB
    Driver:   31.0.15.2799
Initialize mono
Mono path[0] = 'C:/Program Files/Unity/Hub/Editor/2021.3.16f1/Editor/Data/Managed'
Mono path[1] = 'C:/Program Files/Unity/Hub/Editor/2021.3.16f1/Editor/Data/MonoBleedingEdge/lib/mono/unityjit-win32'
Mono config path = 'C:/Program Files/Unity/Hub/Editor/2021.3.16f1/Editor/Data/MonoBleedingEdge/etc'
Using monoOptions --debugger-agent=transport=dt_socket,embedding=1,server=y,suspend=n,address=127.0.0.1:56112
Begin MonoManager ReloadAssembly
Registering precompiled unity dll's ...
Register platform support module: C:/Program Files/Unity/Hub/Editor/2021.3.16f1/Editor/Data/PlaybackEngines/WebGLSupport/UnityEditor.WebGL.Extensions.dll
Register platform support module: C:/Program Files/Unity/Hub/Editor/2021.3.16f1/Editor/Data/PlaybackEngines/AndroidPlayer/UnityEditor.Android.Extensions.dll
Register platform support module: C:/Program Files/Unity/Hub/Editor/2021.3.16f1/Editor/Data/PlaybackEngines/WindowsStandaloneSupport/UnityEditor.WindowsStandalone.Extensions.dll
Registered in 0.031629 seconds.
Native extension for WindowsStandalone target not found
Native extension for Android target not found
Native extension for WebGL target not found
Refreshing native plugins compatible for Editor in 210.36 ms, found 3 plugins.
Preloading 0 native plugins for Editor in 0.00 ms.
Mono: successfully reloaded assembly
- Completed reload, in  1.836 seconds
Domain Reload Profiling:
	ReloadAssembly (1837ms)
		BeginReloadAssembly (213ms)
			ExecutionOrderSort (0ms)
			DisableScriptedObjects (0ms)
			BackupInstance (0ms)
			ReleaseScriptingObjects (0ms)
			CreateAndSetChildDomain (2ms)
		EndReloadAssembly (1321ms)
			LoadAssemblies (208ms)
			RebuildTransferFunctionScriptingTraits (0ms)
			SetupTypeCache (298ms)
			ReleaseScriptCaches (0ms)
			RebuildScriptCaches (67ms)
			SetupLoadedEditorAssemblies (810ms)
				LogAssemblyErrors (0ms)
				InitializePlatformSupportModulesInManaged (175ms)
				SetLoadedEditorAssemblies (1ms)
				RefreshPlugins (210ms)
				BeforeProcessingInitializeOnLoad (3ms)
				ProcessInitializeOnLoadAttributes (269ms)
				ProcessInitializeOnLoadMethodAttributes (152ms)
				AfterProcessingInitializeOnLoad (0ms)
				EditorAssembliesLoaded (0ms)
			ExecutionOrderSort2 (0ms)
			AwakeInstancesAfterBackupRestoration (0ms)
Platform modules already initialized, skipping
Registering precompiled user dll's ...
Registered in 0.023013 seconds.
Begin MonoManager ReloadAssembly
Symbol file LoadedFromMemory doesn't match image C:\Users\Benjamin\Desktop\School\Year3Sem1\IWP\ProjectFile\IWP\IWP\Library\PackageCache\com.unity.visualscripting@1.7.8\Editor\VisualScripting.Core\Dependencies\YamlDotNet\Unity.VisualScripting.YamlDotNet.dll
Symbol file LoadedFromMemory doesn't match image C:\Users\Benjamin\Desktop\School\Year3Sem1\IWP\ProjectFile\IWP\IWP\Library\PackageCache\com.unity.visualscripting@1.7.8\Editor\VisualScripting.Core\Dependencies\DotNetZip\Unity.VisualScripting.IonicZip.dll
Native extension for WindowsStandalone target not found
Native extension for Android target not found
Native extension for WebGL target not found
Refreshing native plugins compatible for Editor in 1.18 ms, found 3 plugins.
Preloading 0 native plugins for Editor in 0.00 ms.
Mono: successfully reloaded assembly
- Completed reload, in  3.008 seconds
Domain Reload Profiling:
	ReloadAssembly (3010ms)
		BeginReloadAssembly (408ms)
			ExecutionOrderSort (0ms)
			DisableScriptedObjects (15ms)
			BackupInstance (0ms)
			ReleaseScriptingObjects (0ms)
			CreateAndSetChildDomain (162ms)
		EndReloadAssembly (2257ms)
			LoadAssemblies (248ms)
			RebuildTransferFunctionScriptingTraits (0ms)
			SetupTypeCache (655ms)
			ReleaseScriptCaches (1ms)
			RebuildScriptCaches (131ms)
			SetupLoadedEditorAssemblies (1120ms)
				LogAssemblyErrors (0ms)
				InitializePlatformSupportModulesInManaged (44ms)
				SetLoadedEditorAssemblies (1ms)
				RefreshPlugins (1ms)
				BeforeProcessingInitializeOnLoad (230ms)
				ProcessInitializeOnLoadAttributes (750ms)
				ProcessInitializeOnLoadMethodAttributes (66ms)
				AfterProcessingInitializeOnLoad (27ms)
				EditorAssembliesLoaded (1ms)
			ExecutionOrderSort2 (0ms)
			AwakeInstancesAfterBackupRestoration (18ms)
Platform modules already initialized, skipping
========================================================================
Worker process is ready to serve import requests
Launched and connected shader compiler UnityShaderCompiler.exe after 0.13 seconds
Refreshing native plugins compatible for Editor in 1.94 ms, found 3 plugins.
Preloading 0 native plugins for Editor in 0.00 ms.
Unloading 3522 Unused Serialized files (Serialized files now loaded: 0)
Unloading 40 unused Assets / (184.2 KB). Loaded Objects now: 3980.
Memory consumption went from 121.5 MB to 121.4 MB.
Total: 7.857200 ms (FindLiveObjects: 0.606800 ms CreateObjectMapping: 0.274000 ms MarkObjects: 6.728600 ms  DeleteObjects: 0.245200 ms)

AssetImportParameters requested are different than current active one (requested -> active):
  custom:video-decoder-ogg-theora: a1e56fd34408186e4bbccfd4996cb3dc -> 
  custom:container-muxer-webm: aa71ff27fc2769a1b78a27578f13a17b -> 
  custom:container-demuxer-webm: 4f35f7cbe854078d1ac9338744f61a02 -> 
  custom:video-encoder-webm-vp8: eb34c28f22e8b96e1ab97ce403110664 -> 
  custom:video-codec-MediaFoundation-h265: 746d11721c4dcdbdad8f713fa42b33f4 -> 
  custom:audio-encoder-webm-vorbis: bf7c407c2cedff20999df2af8eb42d56 -> 
  custom:framework-win-MediaFoundation: 216162199b28c13a410421893ffa2e32 -> 
  custom:container-demuxer-ogg: 62fdf1f143b41e24485cea50d1cbac27 -> 
  custom:video-decoder-webm-vp8: 9c59270c3fd7afecdb556c50c9e8de78 -> 
  custom:audio-decoder-ogg-vorbis: bf7c407c2cedff20999df2af8eb42d56 -> 
========================================================================
Received Import Request.
  Time since last request: 782528.393150 seconds.
  path: Assets/Blink/Art/Weapons/LowPoly/FreeSwords/Sword3/Sword3_Material_Green.mat
  artifactKey: Guid(4b6de7956318a624aa6b8c140a48b652) Importer(815301076,1909f56bfc062723c751e8b465ee728b)
Start importing Assets/Blink/Art/Weapons/LowPoly/FreeSwords/Sword3/Sword3_Material_Green.mat using Guid(4b6de7956318a624aa6b8c140a48b652) Importer(815301076,1909f56bfc062723c751e8b465ee728b)  -> (artifact id: '06336de07a88d9dc02c4a76e9c267e0a') in 0.905503 seconds 
========================================================================
Received Import Request.
  Time since last request: 0.000036 seconds.
  path: Assets/Blink/Art/Weapons/LowPoly/FreeSwords/Sword1/Sword1_Material_Silver.mat
  artifactKey: Guid(fa5baed6be3065a459482872af5d2796) Importer(815301076,1909f56bfc062723c751e8b465ee728b)
Start importing Assets/Blink/Art/Weapons/LowPoly/FreeSwords/Sword1/Sword1_Material_Silver.mat using Guid(fa5baed6be3065a459482872af5d2796) Importer(815301076,1909f56bfc062723c751e8b465ee728b)  -> (artifact id: '50431a41e64349edeaeef2223a0d9487') in 0.347923 seconds 
========================================================================
Received Import Request.
  Time since last request: 0.000063 seconds.
  path: Assets/Blink/Art/Weapons/LowPoly/FreeSwords/Sword7/Sword7_Material_Red.mat
  artifactKey: Guid(b163fea100b008d49bdb6a393605f096) Importer(815301076,1909f56bfc062723c751e8b465ee728b)
Start importing Assets/Blink/Art/Weapons/LowPoly/FreeSwords/Sword7/Sword7_Material_Red.mat using Guid(b163fea100b008d49bdb6a393605f096) Importer(815301076,1909f56bfc062723c751e8b465ee728b)  -> (artifact id: 'f60dba51da5ccd1de09f57f20509a2fd') in 0.065068 seconds 
========================================================================
Received Import Request.
  Time since last request: 0.000038 seconds.
  path: Assets/Prefab/MainPlayer.prefab
  artifactKey: Guid(37fe09af8b3a1b944bed17ca7dea41c9) Importer(815301076,1909f56bfc062723c751e8b465ee728b)
Start importing Assets/Prefab/MainPlayer.prefab using Guid(37fe09af8b3a1b944bed17ca7dea41c9) Importer(815301076,1909f56bfc062723c751e8b465ee728b)  -> (artifact id: '3833731f97de7fb35e61e4fac820be0f') in 0.172038 seconds 
========================================================================
Received Import Request.
  Time since last request: 0.000043 seconds.
  path: Assets/Blink/Art/Weapons/LowPoly/FreeSwords/Sword6/Sword6_Material_Blue.mat
  artifactKey: Guid(602e7e4cb7c849340a157ea612777f14) Importer(815301076,1909f56bfc062723c751e8b465ee728b)
Start importing Assets/Blink/Art/Weapons/LowPoly/FreeSwords/Sword6/Sword6_Material_Blue.mat using Guid(602e7e4cb7c849340a157ea612777f14) Importer(815301076,1909f56bfc062723c751e8b465ee728b)  -> (artifact id: 'd8ee9f3b3b93fc8155e9a18dee489664') in 0.052438 seconds 
========================================================================
Received Import Request.
  Time since last request: 0.000048 seconds.
  path: Assets/Blink/Art/Weapons/LowPoly/FreeSwords/Sword5/Sword5_Material_Red.mat
  artifactKey: Guid(b602efdc9b084f94a9414457436f9fdb) Importer(815301076,1909f56bfc062723c751e8b465ee728b)
Start importing Assets/Blink/Art/Weapons/LowPoly/FreeSwords/Sword5/Sword5_Material_Red.mat using Guid(b602efdc9b084f94a9414457436f9fdb) Importer(815301076,1909f56bfc062723c751e8b465ee728b)  -> (artifact id: '7d23d240bbf7fff4c687227277c51bfd') in 0.045409 seconds 
========================================================================
Received Import Request.
  Time since last request: 3.859020 seconds.
  path: Assets/Blink/Art/Weapons
  artifactKey: Guid(324c9220a528d0a4bbef6ed738bc40b3) Importer(815301076,1909f56bfc062723c751e8b465ee728b)
Start importing Assets/Blink/Art/Weapons using Guid(324c9220a528d0a4bbef6ed738bc40b3) Importer(815301076,1909f56bfc062723c751e8b465ee728b)  -> (artifact id: 'f69c8ab8215c05e66af337172ad1052c') in 0.019469 seconds 
========================================================================
Received Import Request.
  Time since last request: 0.752677 seconds.
  path: Assets/Blink/Art/Weapons/LowPoly
  artifactKey: Guid(e7426cffd01aa1b4fba377d17a57ce24) Importer(815301076,1909f56bfc062723c751e8b465ee728b)
Start importing Assets/Blink/Art/Weapons/LowPoly using Guid(e7426cffd01aa1b4fba377d17a57ce24) Importer(815301076,1909f56bfc062723c751e8b465ee728b)  -> (artifact id: '9deb82f987e9fe38a8f84cbcc1ec6b47') in 0.020205 seconds 
========================================================================
Received Import Request.
  Time since last request: 0.640691 seconds.
  path: Assets/Blink/Art/Weapons/LowPoly/FreeSwords
  artifactKey: Guid(67a9042a08417914584d40aa94485b6e) Importer(815301076,1909f56bfc062723c751e8b465ee728b)
Start importing Assets/Blink/Art/Weapons/LowPoly/FreeSwords using Guid(67a9042a08417914584d40aa94485b6e) Importer(815301076,1909f56bfc062723c751e8b465ee728b)  -> (artifact id: '2bfc097f6eb6aa932edb91d1b7e96e00') in 0.018797 seconds 
========================================================================
Received Import Request.
  Time since last request: 1.398664 seconds.
  path: Assets/Blink/Art/Weapons/LowPoly/FreeSwords/Sword1
  artifactKey: Guid(e812f7da3c00cc2489911f470551a7a4) Importer(815301076,1909f56bfc062723c751e8b465ee728b)
Start importing Assets/Blink/Art/Weapons/LowPoly/FreeSwords/Sword1 using Guid(e812f7da3c00cc2489911f470551a7a4) Importer(815301076,1909f56bfc062723c751e8b465ee728b)  -> (artifact id: '9f7e8c14ae4866fea184b4c007407f3f') in 0.018353 seconds 
========================================================================
Received Import Request.
  Time since last request: 0.134087 seconds.
  path: Assets/Blink/Art/Weapons/LowPoly/FreeSwords/Sword1/Sword1_FBX.fbx
  artifactKey: Guid(1af6c9d4792b975498541f34267aefc6) Importer(815301076,1909f56bfc062723c751e8b465ee728b)
Start importing Assets/Blink/Art/Weapons/LowPoly/FreeSwords/Sword1/Sword1_FBX.fbx using Guid(1af6c9d4792b975498541f34267aefc6) Importer(815301076,1909f56bfc062723c751e8b465ee728b)  -> (artifact id: '708bd10b5146d1f3f619b2605e904596') in 0.077674 seconds 
========================================================================
Received Import Request.
  Time since last request: 28.998509 seconds.
  path: Assets/Blink/Art/Weapons/LowPoly/FreeSwords/Sword2
  artifactKey: Guid(ccf2c59320d3c0b44815fa6b5403f76b) Importer(815301076,1909f56bfc062723c751e8b465ee728b)
Start importing Assets/Blink/Art/Weapons/LowPoly/FreeSwords/Sword2 using Guid(ccf2c59320d3c0b44815fa6b5403f76b) Importer(815301076,1909f56bfc062723c751e8b465ee728b)  -> (artifact id: 'c79ef9eb104962b1a11cfcedbf1df51d') in 0.023841 seconds 
========================================================================
Received Import Request.
  Time since last request: 0.030523 seconds.
  path: Assets/Blink/Art/Weapons/LowPoly/FreeSwords/Sword2/Sword2_FBX.fbx
  artifactKey: Guid(3271cae2a4b914342a461c5ff92a3733) Importer(815301076,1909f56bfc062723c751e8b465ee728b)
Start importing Assets/Blink/Art/Weapons/LowPoly/FreeSwords/Sword2/Sword2_FBX.fbx using Guid(3271cae2a4b914342a461c5ff92a3733) Importer(815301076,1909f56bfc062723c751e8b465ee728b)  -> (artifact id: 'fef5b158b95dcea3dd9c9964dbccc94b') in 0.043621 seconds 
========================================================================
Received Import Request.
  Time since last request: 19.079393 seconds.
  path: Assets/Blink/Art/Weapons/LowPoly/FreeSwords/Sword3/Sword3_FBX.fbx
  artifactKey: Guid(97a8b82f3d87b034caeb16764385b8bf) Importer(815301076,1909f56bfc062723c751e8b465ee728b)
Start importing Assets/Blink/Art/Weapons/LowPoly/FreeSwords/Sword3/Sword3_FBX.fbx using Guid(97a8b82f3d87b034caeb16764385b8bf) Importer(815301076,1909f56bfc062723c751e8b465ee728b)  -> (artifact id: 'cdb219e41c46ab126f8048463cd05bc1') in 0.040497 seconds 
========================================================================
Received Import Request.
  Time since last request: 14.902952 seconds.
  path: Assets/Blink/Art/Weapons/LowPoly/FreeSwords/Sword4/Sword4_FBX.fbx
  artifactKey: Guid(26430834ea307e24083f9e03d7fc4f0f) Importer(815301076,1909f56bfc062723c751e8b465ee728b)
Start importing Assets/Blink/Art/Weapons/LowPoly/FreeSwords/Sword4/Sword4_FBX.fbx using Guid(26430834ea307e24083f9e03d7fc4f0f) Importer(815301076,1909f56bfc062723c751e8b465ee728b)  -> (artifact id: '316a657c265069231a93e61e29d56dc4') in 0.042026 seconds 
========================================================================
Received Import Request.
  Time since last request: 7.148281 seconds.
  path: Assets/Blink/Art/Weapons/LowPoly/FreeSwords/Sword5/Sword5_FBX.fbx
  artifactKey: Guid(26317383b8bbd254cb668812e676670b) Importer(815301076,1909f56bfc062723c751e8b465ee728b)
Start importing Assets/Blink/Art/Weapons/LowPoly/FreeSwords/Sword5/Sword5_FBX.fbx using Guid(26317383b8bbd254cb668812e676670b) Importer(815301076,1909f56bfc062723c751e8b465ee728b)  -> (artifact id: '11ea6479da632ef57b150d9c7af3c8eb') in 0.044017 seconds 
========================================================================
Received Import Request.
  Time since last request: 4.338999 seconds.
  path: Assets/Blink/Art/Weapons/LowPoly/FreeSwords/Sword6/Sword6_FBX.fbx
  artifactKey: Guid(b614443038ba99640be88e740d27ec25) Importer(815301076,1909f56bfc062723c751e8b465ee728b)
Start importing Assets/Blink/Art/Weapons/LowPoly/FreeSwords/Sword6/Sword6_FBX.fbx using Guid(b614443038ba99640be88e740d27ec25) Importer(815301076,1909f56bfc062723c751e8b465ee728b)  -> (artifact id: 'f4ca448e420824c906ef843fe225a572') in 0.039975 seconds 
========================================================================
Received Import Request.
  Time since last request: 4.829055 seconds.
  path: Assets/Blink/Art/Weapons/LowPoly/FreeSwords/Sword7/Sword7_FBX.fbx
  artifactKey: Guid(98318b7fbb6008a488a87d8f130a5b45) Importer(815301076,1909f56bfc062723c751e8b465ee728b)
Start importing Assets/Blink/Art/Weapons/LowPoly/FreeSwords/Sword7/Sword7_FBX.fbx using Guid(98318b7fbb6008a488a87d8f130a5b45) Importer(815301076,1909f56bfc062723c751e8b465ee728b)  -> (artifact id: '0dab62c7549964776f9d1dcc321616b2') in 0.043421 seconds 
========================================================================
Received Import Request.
  Time since last request: 4.018207 seconds.
  path: Assets/Blink/Art/Weapons/LowPoly/FreeSwords/Sword8/Sword8_FBX.fbx
  artifactKey: Guid(b4aa9a1cfcf4ae1479aadf4392cfa95c) Importer(815301076,1909f56bfc062723c751e8b465ee728b)
Start importing Assets/Blink/Art/Weapons/LowPoly/FreeSwords/Sword8/Sword8_FBX.fbx using Guid(b4aa9a1cfcf4ae1479aadf4392cfa95c) Importer(815301076,1909f56bfc062723c751e8b465ee728b)  -> (artifact id: '3ecf9743285e6a8cbe8b27df243e4f62') in 0.044069 seconds 
========================================================================
Received Import Request.
  Time since last request: 0.000030 seconds.
  path: Assets/Blink/Art/Weapons/LowPoly/FreeSwords/Sword8/Sword8_Material_White.mat
  artifactKey: Guid(cd652b8de7a38904aaa89a9a1c0ce503) Importer(815301076,1909f56bfc062723c751e8b465ee728b)
Start importing Assets/Blink/Art/Weapons/LowPoly/FreeSwords/Sword8/Sword8_Material_White.mat using Guid(cd652b8de7a38904aaa89a9a1c0ce503) Importer(815301076,1909f56bfc062723c751e8b465ee728b)  -> (artifact id: '99d0ff3ad9ecb105ca469a4c64861b45') in 0.059115 seconds 
========================================================================
Received Import Request.
  Time since last request: 2.465886 seconds.
  path: Assets/Blink/Art/Weapons/LowPoly/FreeSwords/Sword9/Sword9_FBX.fbx
  artifactKey: Guid(4b2b81e7f27ec37418a99c591212245d) Importer(815301076,1909f56bfc062723c751e8b465ee728b)
Start importing Assets/Blink/Art/Weapons/LowPoly/FreeSwords/Sword9/Sword9_FBX.fbx using Guid(4b2b81e7f27ec37418a99c591212245d) Importer(815301076,1909f56bfc062723c751e8b465ee728b)  -> (artifact id: '9d6d5ba95eca8cacb5258335548bd0ae') in 0.045231 seconds 
========================================================================
Received Import Request.
  Time since last request: 0.000031 seconds.
  path: Assets/Blink/Art/Weapons/LowPoly/FreeSwords/Sword9/Sword9_Material_Red.mat
  artifactKey: Guid(72bcee339808e42418cd87c782e2038c) Importer(815301076,1909f56bfc062723c751e8b465ee728b)
Start importing Assets/Blink/Art/Weapons/LowPoly/FreeSwords/Sword9/Sword9_Material_Red.mat using Guid(72bcee339808e42418cd87c782e2038c) Importer(815301076,1909f56bfc062723c751e8b465ee728b)  -> (artifact id: 'b2232f3eab22aee69533926fd133710c') in 0.060728 seconds 
========================================================================
Received Import Request.
  Time since last request: 0.000106 seconds.
  path: Assets/Blink/Art/Weapons/LowPoly/FreeSwords/Sword9/Sword9_Material_Purple.mat
  artifactKey: Guid(8046cf35ef91b0e4688574b6e9084f32) Importer(815301076,1909f56bfc062723c751e8b465ee728b)
Start importing Assets/Blink/Art/Weapons/LowPoly/FreeSwords/Sword9/Sword9_Material_Purple.mat using Guid(8046cf35ef91b0e4688574b6e9084f32) Importer(815301076,1909f56bfc062723c751e8b465ee728b)  -> (artifact id: '0062696a3eb0643444f3e1132099dd44') in 0.058072 seconds 
========================================================================
Received Import Request.
  Time since last request: 3.460780 seconds.
  path: Assets/Blink/Art/Weapons/LowPoly/FreeSwords/Sword10/Sword10_FBX.fbx
  artifactKey: Guid(6d6c7c2c421065649a301d6d60153af3) Importer(815301076,1909f56bfc062723c751e8b465ee728b)
Start importing Assets/Blink/Art/Weapons/LowPoly/FreeSwords/Sword10/Sword10_FBX.fbx using Guid(6d6c7c2c421065649a301d6d60153af3) Importer(815301076,1909f56bfc062723c751e8b465ee728b)  -> (artifact id: '21d037472ef6e0403fa2d1edb2235be0') in 0.054630 seconds 
========================================================================
Received Import Request.
  Time since last request: 0.000043 seconds.
  path: Assets/Blink/Art/Weapons/LowPoly/FreeSwords/Sword10/Sword10_Material_Brown.mat
  artifactKey: Guid(7c079598e25f0254baff8031cb076111) Importer(815301076,1909f56bfc062723c751e8b465ee728b)
Start importing Assets/Blink/Art/Weapons/LowPoly/FreeSwords/Sword10/Sword10_Material_Brown.mat using Guid(7c079598e25f0254baff8031cb076111) Importer(815301076,1909f56bfc062723c751e8b465ee728b)  -> (artifact id: '00370f31841d2d7d6df65d56119483b2') in 0.062458 seconds 
Editor requested this worker to shutdown with reason: Scaling down because of idle timeout
AssetImportWorker is now disconnected from the server
Process exiting
Exiting without the bug reporter. Application will terminate with return code 0